<?xml version="1.0" encoding="UTF-8"?>
<!-- Generated by org.testng.reporters.JUnitReportReporter -->
<testsuite hostname="DESKTOP-H2J9PSJ" failures="0" tests="1" name="cartestng.Ford" time="7.516" errors="0" timestamp="2024-06-18T11:21:40 IST" skipped="0">
  <testcase classname="cartestng.Ford" name="launch" time="7.516"/>
  <system-out>
    <![CDATA[ford launcehd]]>
  </system-out>
</testsuite> <!-- cartestng.Ford -->
