<?xml version="1.0" encoding="UTF-8"?>
<!-- Generated by org.testng.reporters.JUnitReportReporter -->
<testsuite hostname="DESKTOP-H2J9PSJ" failures="0" tests="1" name="cartestng.Lamborghini" time="3.513" errors="0" timestamp="2024-06-18T11:22:26 IST" skipped="0">
  <testcase classname="cartestng.Lamborghini" name="launch" time="3.513"/>
  <system-out>
    <![CDATA[lamborghini launched]]>
  </system-out>
</testsuite> <!-- cartestng.Lamborghini -->
